  [1m[35m (0.7ms)[0m  [1m[35mCREATE DATABASE "habsci_development" ENCODING = 'unicode'[0m
  ↳ /Users/jeffreygoldsmith/.gem/ruby/2.5.1/bin/rake:22
  [1m[35m (0.5ms)[0m  [1m[35mCREATE DATABASE "habsci_development" ENCODING = 'unicode'[0m
  ↳ /Users/jeffreygoldsmith/.gem/ruby/2.5.1/bin/rake:22
  [1m[35m (20.2ms)[0m  [1m[35mCREATE TABLE "schema_migrations" ("version" character varying NOT NULL PRIMARY KEY)[0m
  ↳ bin/rails:4
  [1m[35m (4.0ms)[0m  [1m[35mCREATE TABLE "ar_internal_metadata" ("key" character varying NOT NULL PRIMARY KEY, "value" character varying, "created_at" timestamp NOT NULL, "updated_at" timestamp NOT NULL)[0m
  ↳ bin/rails:4
  [1m[35m (0.4ms)[0m  [1m[34mSELECT pg_try_advisory_lock(2976547590835962570)[0m
  ↳ bin/rails:4
  [1m[35m (0.8ms)[0m  [1m[34mSELECT "schema_migrations"."version" FROM "schema_migrations" ORDER BY "schema_migrations"."version" ASC[0m
  ↳ bin/rails:4
  [1m[36mActiveRecord::InternalMetadata Load (0.4ms)[0m  [1m[34mSELECT  "ar_internal_metadata".* FROM "ar_internal_metadata" WHERE "ar_internal_metadata"."key" = $1 LIMIT $2[0m  [["key", "environment"], ["LIMIT", 1]]
  ↳ bin/rails:4
  [1m[35m (0.2ms)[0m  [1m[35mBEGIN[0m
  ↳ bin/rails:4
  [1m[36mActiveRecord::InternalMetadata Create (0.8ms)[0m  [1m[32mINSERT INTO "ar_internal_metadata" ("key", "value", "created_at", "updated_at") VALUES ($1, $2, $3, $4) RETURNING "key"[0m  [["key", "environment"], ["value", "development"], ["created_at", "2018-09-05 22:04:46.803135"], ["updated_at", "2018-09-05 22:04:46.803135"]]
  ↳ bin/rails:4
  [1m[35m (0.3ms)[0m  [1m[35mCOMMIT[0m
  ↳ bin/rails:4
  [1m[35m (0.3ms)[0m  [1m[34mSELECT pg_advisory_unlock(2976547590835962570)[0m
  ↳ bin/rails:4
  [1m[35m (0.2ms)[0m  [1m[34mSELECT "schema_migrations"."version" FROM "schema_migrations" ORDER BY "schema_migrations"."version" ASC[0m
  ↳ bin/rails:4
<<<<<<< Updated upstream
Started GET "/" for 127.0.0.1 at 2018-09-07 16:54:59 -0400
Processing by Rails::WelcomeController#index as HTML
  Rendering /Users/jeffreygoldsmith/.gem/ruby/2.5.1/gems/railties-5.2.1/lib/rails/templates/rails/welcome/index.html.erb
  Rendered /Users/jeffreygoldsmith/.gem/ruby/2.5.1/gems/railties-5.2.1/lib/rails/templates/rails/welcome/index.html.erb (3.7ms)
Completed 200 OK in 23ms (Views: 12.4ms | ActiveRecord: 0.0ms)


Started GET "/graphiql" for 127.0.0.1 at 2018-09-07 16:55:04 -0400
Processing by GraphiQL::Rails::EditorsController#show as HTML
  Parameters: {"graphql_path"=>"/graphql"}
  Rendering /Users/jeffreygoldsmith/.gem/ruby/2.5.1/gems/graphiql-rails-1.4.11/app/views/graphiql/rails/editors/show.html.erb
  Rendered /Users/jeffreygoldsmith/.gem/ruby/2.5.1/gems/graphiql-rails-1.4.11/app/views/graphiql/rails/editors/show.html.erb (922.0ms)
Completed 200 OK in 936ms (Views: 932.0ms | ActiveRecord: 0.0ms)


Started POST "/graphql" for 127.0.0.1 at 2018-09-07 16:55:05 -0400
Processing by GraphqlController#execute as */*
  Parameters: {"query"=>"\n  query IntrospectionQuery {\n    __schema {\n      queryType { name }\n      mutationType { name }\n      subscriptionType { name }\n      types {\n        ...FullType\n      }\n      directives {\n        name\n        description\n        locations\n        args {\n          ...InputValue\n        }\n      }\n    }\n  }\n\n  fragment FullType on __Type {\n    kind\n    name\n    description\n    fields(includeDeprecated: true) {\n      name\n      description\n      args {\n        ...InputValue\n      }\n      type {\n        ...TypeRef\n      }\n      isDeprecated\n      deprecationReason\n    }\n    inputFields {\n      ...InputValue\n    }\n    interfaces {\n      ...TypeRef\n    }\n    enumValues(includeDeprecated: true) {\n      name\n      description\n      isDeprecated\n      deprecationReason\n    }\n    possibleTypes {\n      ...TypeRef\n    }\n  }\n\n  fragment InputValue on __InputValue {\n    name\n    description\n    type { ...TypeRef }\n    defaultValue\n  }\n\n  fragment TypeRef on __Type {\n    kind\n    name\n    ofType {\n      kind\n      name\n      ofType {\n        kind\n        name\n        ofType {\n          kind\n          name\n          ofType {\n            kind\n            name\n            ofType {\n              kind\n              name\n              ofType {\n                kind\n                name\n                ofType {\n                  kind\n                  name\n                }\n              }\n            }\n          }\n        }\n      }\n    }\n  }\n", "graphql"=>{"query"=>"\n  query IntrospectionQuery {\n    __schema {\n      queryType { name }\n      mutationType { name }\n      subscriptionType { name }\n      types {\n        ...FullType\n      }\n      directives {\n        name\n        description\n        locations\n        args {\n          ...InputValue\n        }\n      }\n    }\n  }\n\n  fragment FullType on __Type {\n    kind\n    name\n    description\n    fields(includeDeprecated: true) {\n      name\n      description\n      args {\n        ...InputValue\n      }\n      type {\n        ...TypeRef\n      }\n      isDeprecated\n      deprecationReason\n    }\n    inputFields {\n      ...InputValue\n    }\n    interfaces {\n      ...TypeRef\n    }\n    enumValues(includeDeprecated: true) {\n      name\n      description\n      isDeprecated\n      deprecationReason\n    }\n    possibleTypes {\n      ...TypeRef\n    }\n  }\n\n  fragment InputValue on __InputValue {\n    name\n    description\n    type { ...TypeRef }\n    defaultValue\n  }\n\n  fragment TypeRef on __Type {\n    kind\n    name\n    ofType {\n      kind\n      name\n      ofType {\n        kind\n        name\n        ofType {\n          kind\n          name\n          ofType {\n            kind\n            name\n            ofType {\n              kind\n              name\n              ofType {\n                kind\n                name\n                ofType {\n                  kind\n                  name\n                }\n              }\n            }\n          }\n        }\n      }\n    }\n  }\n"}}
Completed 200 OK in 85ms (Views: 14.8ms | ActiveRecord: 0.0ms)


=======
  [1m[35m (5.0ms)[0m  [1m[35mCREATE TABLE "schema_migrations" ("version" character varying NOT NULL PRIMARY KEY)[0m
  ↳ bin/rails:4
  [1m[35m (4.5ms)[0m  [1m[35mCREATE TABLE "ar_internal_metadata" ("key" character varying NOT NULL PRIMARY KEY, "value" character varying, "created_at" timestamp NOT NULL, "updated_at" timestamp NOT NULL)[0m
  ↳ bin/rails:4
  [1m[35m (0.2ms)[0m  [1m[34mSELECT pg_try_advisory_lock(2976547590835962570)[0m
  ↳ bin/rails:4
  [1m[35m (0.5ms)[0m  [1m[34mSELECT "schema_migrations"."version" FROM "schema_migrations" ORDER BY "schema_migrations"."version" ASC[0m
  ↳ bin/rails:4
Migrating to CreateUserTable (20180908051342)
  [1m[35m (0.2ms)[0m  [1m[35mBEGIN[0m
  ↳ bin/rails:4
  [1m[35m (4.4ms)[0m  [1m[35mCREATE TABLE "users" ("id" bigserial primary key, "full_name" character varying, "email" character varying, "created_at" timestamp NOT NULL, "updated_at" timestamp NOT NULL)[0m
  ↳ db/migrate/20180908051342_create_user_table.rb:3
  [1m[36mActiveRecord::SchemaMigration Create (0.5ms)[0m  [1m[32mINSERT INTO "schema_migrations" ("version") VALUES ($1) RETURNING "version"[0m  [["version", "20180908051342"]]
  ↳ bin/rails:4
  [1m[35m (0.4ms)[0m  [1m[35mCOMMIT[0m
  ↳ bin/rails:4
  [1m[36mActiveRecord::InternalMetadata Load (0.4ms)[0m  [1m[34mSELECT  "ar_internal_metadata".* FROM "ar_internal_metadata" WHERE "ar_internal_metadata"."key" = $1 LIMIT $2[0m  [["key", "environment"], ["LIMIT", 1]]
  ↳ bin/rails:4
  [1m[35m (0.1ms)[0m  [1m[35mBEGIN[0m
  ↳ bin/rails:4
  [1m[36mActiveRecord::InternalMetadata Create (0.5ms)[0m  [1m[32mINSERT INTO "ar_internal_metadata" ("key", "value", "created_at", "updated_at") VALUES ($1, $2, $3, $4) RETURNING "key"[0m  [["key", "environment"], ["value", "development"], ["created_at", "2018-09-08 05:24:48.601667"], ["updated_at", "2018-09-08 05:24:48.601667"]]
  ↳ bin/rails:4
  [1m[35m (0.5ms)[0m  [1m[35mCOMMIT[0m
  ↳ bin/rails:4
  [1m[35m (0.2ms)[0m  [1m[34mSELECT pg_advisory_unlock(2976547590835962570)[0m
  ↳ bin/rails:4
  [1m[35m (0.5ms)[0m  [1m[34mSELECT "schema_migrations"."version" FROM "schema_migrations" ORDER BY "schema_migrations"."version" ASC[0m
  ↳ bin/rails:4
>>>>>>> Stashed changes
